f:\gitproject\learnopengl\learnopengl\learnopengl\x64\debug\vc140.pdb
f:\gitproject\learnopengl\learnopengl\learnopengl\x64\debug\vc140.idb
f:\gitproject\learnopengl\learnopengl\learnopengl\x64\debug\camera.obj
f:\gitproject\learnopengl\learnopengl\learnopengl\x64\debug\examplebase.obj
f:\gitproject\learnopengl\learnopengl\learnopengl\x64\debug\matrix.obj
f:\gitproject\learnopengl\learnopengl\learnopengl\x64\debug\mesh.obj
f:\gitproject\learnopengl\learnopengl\learnopengl\x64\debug\model.obj
f:\gitproject\learnopengl\learnopengl\learnopengl\x64\debug\posteffecthelper.obj
f:\gitproject\learnopengl\learnopengl\learnopengl\x64\debug\renderobject.obj
f:\gitproject\learnopengl\learnopengl\learnopengl\x64\debug\main.obj
f:\gitproject\learnopengl\learnopengl\x64\debug\learnopengl.pdb
f:\gitproject\learnopengl\learnopengl\learnopengl\x64\debug\learnopengl.tlog\cl.command.1.tlog
f:\gitproject\learnopengl\learnopengl\learnopengl\x64\debug\learnopengl.tlog\cl.read.1.tlog
f:\gitproject\learnopengl\learnopengl\learnopengl\x64\debug\learnopengl.tlog\cl.write.1.tlog
f:\gitproject\learnopengl\learnopengl\learnopengl\x64\debug\learnopengl.tlog\link-cvtres.read.1.tlog
f:\gitproject\learnopengl\learnopengl\learnopengl\x64\debug\learnopengl.tlog\link-cvtres.write.1.tlog
f:\gitproject\learnopengl\learnopengl\learnopengl\x64\debug\learnopengl.tlog\link-rc.read.1.tlog
f:\gitproject\learnopengl\learnopengl\learnopengl\x64\debug\learnopengl.tlog\link-rc.write.1.tlog
f:\gitproject\learnopengl\learnopengl\learnopengl\x64\debug\learnopengl.tlog\link.command.1.tlog
f:\gitproject\learnopengl\learnopengl\learnopengl\x64\debug\learnopengl.tlog\link.read.1.tlog
f:\gitproject\learnopengl\learnopengl\learnopengl\x64\debug\learnopengl.tlog\link.write.1.tlog
